<?xml version="1.0" encoding="UTF-8"?>
<!-- Generated by org.testng.reporters.JUnitReportReporter -->
<testsuite hostname="macbook-pro-3" failures="0" tests="1" name="TestFirstSelenium" time="4.926" errors="0" timestamp="2022-08-24T11:20:18 YEKT" skipped="0">
  <testcase classname="TestFirstSelenium" name="testFirstSelenium" time="4.926"/>
  <system-out/>
</testsuite> <!-- TestFirstSelenium -->
