<?xml version="1.0" encoding="UTF-8"?>
<!-- Generated by org.testng.reporters.JUnitReportReporter -->
<testsuite hostname="macbook-pro-3" failures="0" tests="1" name="TestFirstSelenium" time="5.070" errors="0" timestamp="2022-08-24T12:22:53 YEKT" skipped="0">
  <testcase classname="TestFirstSelenium" name="testFirstSelenium" time="5.070"/>
  <system-out/>
</testsuite> <!-- TestFirstSelenium -->
